# JRE version: Java(TM) SE Runtime Environment (8.0_65-b17) (build 1.8.0_65-b17)
# Java VM: Java HotSpot(TM) 64-Bit Server VM (25.65-b01 mixed mode windows-amd64 compressed oops)
Heap:
 PSYoungGen      total 204288K, used 62578K [0x00000000eab00000, 0x00000000f8e00000, 0x0000000100000000)
  eden space 190464K, 26% used [0x00000000eab00000,0x00000000edc7b110,0x00000000f6500000)
  from space 13824K, 86% used [0x00000000f8080000,0x00000000f8c21970,0x00000000f8e00000)
  to   space 20992K, 0% used [0x00000000f6500000,0x00000000f6500000,0x00000000f7980000)
 ParOldGen       total 104960K, used 26244K [0x00000000c0000000, 0x00000000c6680000, 0x00000000eab00000)
  object space 104960K, 25% used [0x00000000c0000000,0x00000000c19a12b8,0x00000000c6680000)
 Metaspace       used 55943K, capacity 58466K, committed 60544K, reserved 1101824K
  class space    used 7227K, capacity 7474K, committed 8064K, reserved 1048576K
GC Heap History (10 events):
Event: 4892.464 GC heap before
{Heap before GC invocations=41 (full 11):
 PSYoungGen      total 210944K, used 141119K [0x00000000eab00000, 0x00000000f9280000, 0x0000000100000000)
  eden space 198144K, 64% used [0x00000000eab00000,0x00000000f289e408,0x00000000f6c80000)
  from space 12800K, 97% used [0x00000000f7380000,0x00000000f7fb1b70,0x00000000f8000000)
  to   space 18944K, 0% used [0x00000000f8000000,0x00000000f8000000,0x00000000f9280000)
 ParOldGen       total 104960K, used 25504K [0x00000000c0000000, 0x00000000c6680000, 0x00000000eab00000)
  object space 104960K, 24% used [0x00000000c0000000,0x00000000c18e81e8,0x00000000c6680000)
 Metaspace       used 55992K, capacity 58662K, committed 60288K, reserved 1101824K
  class space    used 7280K, capacity 7595K, committed 8064K, reserved 1048576K
Event: 4892.481 GC heap after
Heap after GC invocations=41 (full 11):
 PSYoungGen      total 216064K, used 13051K [0x00000000eab00000, 0x00000000f9580000, 0x0000000100000000)
  eden space 197120K, 0% used [0x00000000eab00000,0x00000000eab00000,0x00000000f6b80000)
  from space 18944K, 68% used [0x00000000f8000000,0x00000000f8cbed60,0x00000000f9280000)
  to   space 20992K, 0% used [0x00000000f6b80000,0x00000000f6b80000,0x00000000f8000000)
 ParOldGen       total 104960K, used 25512K [0x00000000c0000000, 0x00000000c6680000, 0x00000000eab00000)
  object space 104960K, 24% used [0x00000000c0000000,0x00000000c18ea1e8,0x00000000c6680000)
 Metaspace       used 55992K, capacity 58662K, committed 60288K, reserved 1101824K
  class space    used 7280K, capacity 7595K, committed 8064K, reserved 1048576K
}
Event: 4892.481 GC heap before
{Heap before GC invocations=42 (full 12):
 PSYoungGen      total 216064K, used 13051K [0x00000000eab00000, 0x00000000f9580000, 0x0000000100000000)
  eden space 197120K, 0% used [0x00000000eab00000,0x00000000eab00000,0x00000000f6b80000)
  from space 18944K, 68% used [0x00000000f8000000,0x00000000f8cbed60,0x00000000f9280000)
  to   space 20992K, 0% used [0x00000000f6b80000,0x00000000f6b80000,0x00000000f8000000)
 ParOldGen       total 104960K, used 25512K [0x00000000c0000000, 0x00000000c6680000, 0x00000000eab00000)
  object space 104960K, 24% used [0x00000000c0000000,0x00000000c18ea1e8,0x00000000c6680000)
 Metaspace       used 55992K, capacity 58662K, committed 60288K, reserved 1101824K
  class space    used 7280K, capacity 7595K, committed 8064K, reserved 1048576K
Event: 4892.853 GC heap after
Heap after GC invocations=42 (full 12):
 PSYoungGen      total 216064K, used 0K [0x00000000eab00000, 0x00000000f9580000, 0x0000000100000000)
  eden space 197120K, 0% used [0x00000000eab00000,0x00000000eab00000,0x00000000f6b80000)
  from space 18944K, 0% used [0x00000000f8000000,0x00000000f8000000,0x00000000f9280000)
  to   space 20992K, 0% used [0x00000000f6b80000,0x00000000f6b80000,0x00000000f8000000)
 ParOldGen       total 104960K, used 37300K [0x00000000c0000000, 0x00000000c6680000, 0x00000000eab00000)
  object space 104960K, 35% used [0x00000000c0000000,0x00000000c246d1c8,0x00000000c6680000)
 Metaspace       used 55992K, capacity 58662K, committed 60288K, reserved 1101824K
  class space    used 7280K, capacity 7595K, committed 8064K, reserved 1048576K
}
Event: 5996.893 GC heap before
{Heap before GC invocations=43 (full 12):
 PSYoungGen      total 216064K, used 122127K [0x00000000eab00000, 0x00000000f9580000, 0x0000000100000000)
  eden space 197120K, 61% used [0x00000000eab00000,0x00000000f2243c70,0x00000000f6b80000)
  from space 18944K, 0% used [0x00000000f8000000,0x00000000f8000000,0x00000000f9280000)
  to   space 20992K, 0% used [0x00000000f6b80000,0x00000000f6b80000,0x00000000f8000000)
 ParOldGen       total 104960K, used 37300K [0x00000000c0000000, 0x00000000c6680000, 0x00000000eab00000)
  object space 104960K, 35% used [0x00000000c0000000,0x00000000c246d1c8,0x00000000c6680000)
 Metaspace       used 56156K, capacity 59074K, committed 60544K, reserved 1101824K
  class space    used 7305K, capacity 7634K, committed 8064K, reserved 1048576K
Event: 5996.897 GC heap after
Heap after GC invocations=43 (full 12):
 PSYoungGen      total 218112K, used 1479K [0x00000000eab00000, 0x00000000f9480000, 0x0000000100000000)
  eden space 197120K, 0% used [0x00000000eab00000,0x00000000eab00000,0x00000000f6b80000)
  from space 20992K, 7% used [0x00000000f6b80000,0x00000000f6cf1e30,0x00000000f8000000)
  to   space 20480K, 0% used [0x00000000f8080000,0x00000000f8080000,0x00000000f9480000)
 ParOldGen       total 104960K, used 37308K [0x00000000c0000000, 0x00000000c6680000, 0x00000000eab00000)
  object space 104960K, 35% used [0x00000000c0000000,0x00000000c246f1c8,0x00000000c6680000)
 Metaspace       used 56156K, capacity 59074K, committed 60544K, reserved 1101824K
  class space    used 7305K, capacity 7634K, committed 8064K, reserved 1048576K
}
Event: 5996.897 GC heap before
{Heap before GC invocations=44 (full 13):
 PSYoungGen      total 218112K, used 1479K [0x00000000eab00000, 0x00000000f9480000, 0x0000000100000000)
  eden space 197120K, 0% used [0x00000000eab00000,0x00000000eab00000,0x00000000f6b80000)
  from space 20992K, 7% used [0x00000000f6b80000,0x00000000f6cf1e30,0x00000000f8000000)
  to   space 20480K, 0% used [0x00000000f8080000,0x00000000f8080000,0x00000000f9480000)
 ParOldGen       total 104960K, used 37308K [0x00000000c0000000, 0x00000000c6680000, 0x00000000eab00000)
  object space 104960K, 35% used [0x00000000c0000000,0x00000000c246f1c8,0x00000000c6680000)
 Metaspace       used 56156K, capacity 59074K, committed 60544K, reserved 1101824K
  class space    used 7305K, capacity 7634K, committed 8064K, reserved 1048576K
Event: 5997.034 GC heap after
Heap after GC invocations=44 (full 13):
 PSYoungGen      total 218112K, used 0K [0x00000000eab00000, 0x00000000f9480000, 0x0000000100000000)
  eden space 197120K, 0% used [0x00000000eab00000,0x00000000eab00000,0x00000000f6b80000)
  from space 20992K, 0% used [0x00000000f6b80000,0x00000000f6b80000,0x00000000f8000000)
  to   space 20480K, 0% used [0x00000000f8080000,0x00000000f8080000,0x00000000f9480000)
 ParOldGen       total 104960K, used 26236K [0x00000000c0000000, 0x00000000c6680000, 0x00000000eab00000)
  object space 104960K, 24% used [0x00000000c0000000,0x00000000c199f2b8,0x00000000c6680000)
 Metaspace       used 55524K, capacity 57686K, committed 60544K, reserved 1101824K
  class space    used 7131K, capacity 7321K, committed 8064K, reserved 1048576K
}
Event: 9003.406 GC heap before
{Heap before GC invocations=45 (full 13):
 PSYoungGen      total 218112K, used 197120K [0x00000000eab00000, 0x00000000f9480000, 0x0000000100000000)
  eden space 197120K, 100% used [0x00000000eab00000,0x00000000f6b80000,0x00000000f6b80000)
  from space 20992K, 0% used [0x00000000f6b80000,0x00000000f6b80000,0x00000000f8000000)
  to   space 20480K, 0% used [0x00000000f8080000,0x00000000f8080000,0x00000000f9480000)
 ParOldGen       total 104960K, used 26236K [0x00000000c0000000, 0x00000000c6680000, 0x00000000eab00000)
  object space 104960K, 24% used [0x00000000c0000000,0x00000000c199f2b8,0x00000000c6680000)
 Metaspace       used 55855K, capacity 58250K, committed 60544K, reserved 1101824K
  class space    used 7199K, capacity 7434K, committed 8064K, reserved 1048576K
Event: 9003.425 GC heap after
Heap after GC invocations=45 (full 13):
 PSYoungGen      total 204288K, used 11910K [0x00000000eab00000, 0x00000000f8e00000, 0x0000000100000000)
  eden space 190464K, 0% used [0x00000000eab00000,0x00000000eab00000,0x00000000f6500000)
  from space 13824K, 86% used [0x00000000f8080000,0x00000000f8c21970,0x00000000f8e00000)
  to   space 20992K, 0% used [0x00000000f6500000,0x00000000f6500000,0x00000000f7980000)
 ParOldGen       total 104960K, used 26244K [0x00000000c0000000, 0x00000000c6680000, 0x00000000eab00000)
  object space 104960K, 25% used [0x00000000c0000000,0x00000000c19a12b8,0x00000000c6680000)
 Metaspace       used 55855K, capacity 58250K, committed 60544K, reserved 1101824K
  class space    used 7199K, capacity 7434K, committed 8064K, reserved 1048576K
}

